<?xml version="1.0" encoding="UTF-8"?>
<testng-results ignored="0" total="1" passed="1" failed="0" skipped="0">
  <reporter-output>
  </reporter-output>
  <suite started-at="2020-05-25T15:28:23 IST" name="Default suite" finished-at="2020-05-25T15:30:01 IST" duration-ms="97744">
    <groups>
    </groups>
    <test started-at="2020-05-25T15:28:23 IST" name="Default test" finished-at="2020-05-25T15:30:01 IST" duration-ms="97744">
      <class name="Academy.E2EProject.AutoItTurtorial">
        <test-method is-config="true" signature="beforeTest()[pri:0, instance:Academy.E2EProject.AutoItTurtorial@671a5887]" started-at="2020-05-25T15:28:23 IST" name="beforeTest" finished-at="2020-05-25T15:28:54 IST" duration-ms="30922" status="PASS">
          <reporter-output>
          </reporter-output>
        </test-method> <!-- beforeTest -->
        <test-method signature="windowAuth()[pri:0, instance:Academy.E2EProject.AutoItTurtorial@671a5887]" started-at="2020-05-25T15:28:54 IST" name="windowAuth" finished-at="2020-05-25T15:30:00 IST" duration-ms="66599" status="PASS">
          <reporter-output>
          </reporter-output>
        </test-method> <!-- windowAuth -->
      </class> <!-- Academy.E2EProject.AutoItTurtorial -->
    </test> <!-- Default test -->
  </suite> <!-- Default suite -->
</testng-results>
