<?xml version="1.0" encoding="UTF-8"?>
<testng-results ignored="0" total="1" passed="1" failed="0" skipped="0">
  <reporter-output>
  </reporter-output>
  <suite started-at="2020-05-23T11:30:12 IST" name="Default suite" finished-at="2020-05-23T11:31:32 IST" duration-ms="80062">
    <groups>
    </groups>
    <test started-at="2020-05-23T11:30:12 IST" name="Default test" finished-at="2020-05-23T11:31:32 IST" duration-ms="80062">
      <class name="TestCases.ChromeBrowserInvoke">
        <test-method signature="newChromeBrowserInvoke()[pri:0, instance:TestCases.ChromeBrowserInvoke@394a2528]" started-at="2020-05-23T11:30:12 IST" name="newChromeBrowserInvoke" finished-at="2020-05-23T11:31:32 IST" duration-ms="79865" status="PASS">
          <reporter-output>
          </reporter-output>
        </test-method> <!-- newChromeBrowserInvoke -->
      </class> <!-- TestCases.ChromeBrowserInvoke -->
    </test> <!-- Default test -->
  </suite> <!-- Default suite -->
</testng-results>
