<?xml version="1.0" encoding="UTF-8"?>
<testng-results ignored="0" total="1" passed="1" failed="0" skipped="0">
  <reporter-output>
  </reporter-output>
  <suite started-at="2020-05-23T15:55:04 IST" name="Default suite" finished-at="2020-05-23T15:55:05 IST" duration-ms="1284">
    <groups>
    </groups>
    <test started-at="2020-05-23T15:55:04 IST" name="Default test" finished-at="2020-05-23T15:55:05 IST" duration-ms="1284">
      <class name="wgs.extenreports.DataDriverTest">
        <test-method signature="getData()[pri:0, instance:wgs.extenreports.DataDriverTest@157853da]" started-at="2020-05-23T15:55:04 IST" name="getData" finished-at="2020-05-23T15:55:05 IST" duration-ms="1218" status="PASS">
          <reporter-output>
          </reporter-output>
        </test-method> <!-- getData -->
      </class> <!-- wgs.extenreports.DataDriverTest -->
    </test> <!-- Default test -->
  </suite> <!-- Default suite -->
</testng-results>
