<?xml version="1.0" encoding="UTF-8"?>
<!-- Generated by org.testng.reporters.JUnitXMLReporter -->
<testsuite ignored="0" hostname="surendar" failures="0" tests="3" name="Test" time="94.468" errors="0" timestamp="2020-05-24T13:17:12 IST">
  <testcase classname="Academy.E2EProject.HomePage" name="homePageNavigation" time="37.19"/>
  <testcase classname="Academy.E2EProject.HomePage" name="homePageNavigation" time="21.506"/>
  <testcase classname="Academy.E2EProject.Validation" name="homePageNavigation" time="0.669"/>
</testsuite> <!-- Test -->
