<?xml version="1.0" encoding="UTF-8"?>
<testsuite xmlns:xsi="http://www.w3.org/2001/XMLSchema-instance" xsi:noNamespaceSchemaLocation="https://maven.apache.org/surefire/maven-surefire-plugin/xsd/surefire-test-report-3.0.xsd" version="3.0" name="TestSuite" time="95.136" tests="2" errors="0" skipped="0" failures="0">
  <properties>
[...]
</properties>
  <testcase name="newFacebook" classname="TestCases.Facebook" time="13.587"/>
  <testcase name="newChromeBrowserInvoke" classname="TestCases.ChromeBrowserInvoke" time="74.86"/>
</testsuite>