<?xml version="1.0" encoding="UTF-8"?>
<testng-results ignored="0" total="2" passed="2" failed="0" skipped="0">
  <reporter-output>
  </reporter-output>
  <suite started-at="2020-05-23T08:09:55 IST" name="Suite" finished-at="2020-05-23T08:11:24 IST" duration-ms="88506">
    <groups>
    </groups>
    <test started-at="2020-05-23T08:09:55 IST" name="Test" finished-at="2020-05-23T08:11:24 IST" duration-ms="88506">
      <class name="TestCases.Facebook">
        <test-method signature="newFacebook()[pri:0, instance:TestCases.Facebook@77f1baf5]" started-at="2020-05-23T08:09:55 IST" name="newFacebook" finished-at="2020-05-23T08:10:09 IST" duration-ms="13584" status="PASS">
          <reporter-output>
          </reporter-output>
        </test-method> <!-- newFacebook -->
      </class> <!-- TestCases.Facebook -->
      <class name="TestCases.ChromeBrowserInvoke">
        <test-method signature="newChromeBrowserInvoke()[pri:0, instance:TestCases.ChromeBrowserInvoke@41a2befb]" started-at="2020-05-23T08:10:09 IST" name="newChromeBrowserInvoke" finished-at="2020-05-23T08:11:24 IST" duration-ms="74859" status="PASS">
          <reporter-output>
          </reporter-output>
        </test-method> <!-- newChromeBrowserInvoke -->
      </class> <!-- TestCases.ChromeBrowserInvoke -->
    </test> <!-- Test -->
  </suite> <!-- Suite -->
</testng-results>
