<?xml version="1.0" encoding="UTF-8"?>
<testng-results ignored="0" total="1" passed="1" failed="0" skipped="0">
  <reporter-output>
  </reporter-output>
  <suite started-at="2020-05-21T22:10:44 IST" name="Suite" finished-at="2020-05-21T22:10:44 IST" duration-ms="124">
    <groups>
    </groups>
    <test started-at="2020-05-21T22:10:44 IST" name="Test" finished-at="2020-05-21T22:10:44 IST" duration-ms="124">
      <class name="testNGLearning.TestNGIntroduction">
        <test-method signature="introduction()[pri:0, instance:testNGLearning.TestNGIntroduction@192c3f1e]" started-at="2020-05-21T22:10:44 IST" name="introduction" finished-at="2020-05-21T22:10:44 IST" duration-ms="31" status="PASS">
          <reporter-output>
          </reporter-output>
        </test-method> <!-- introduction -->
      </class> <!-- testNGLearning.TestNGIntroduction -->
    </test> <!-- Test -->
  </suite> <!-- Suite -->
</testng-results>
