<?xml version="1.0" encoding="UTF-8"?>
<testsuite xmlns:xsi="http://www.w3.org/2001/XMLSchema-instance" xsi:noNamespaceSchemaLocation="https://maven.apache.org/surefire/maven-surefire-plugin/xsd/surefire-test-report-3.0.xsd" version="3.0" name="TestSuite" time="75.176" tests="3" errors="0" skipped="0" failures="3">
  <properties>
[...]
</properties>
  <testcase name="homePageNavigation" classname="Academy.E2EProject.Validation" time="0.572">
    <failure message="expected [FEATUREDCOURSES] but found [FEATURED COURSES]" type="java.lang.AssertionError"><![CDATA[java.lang.AssertionError: expected [FEATUREDCOURSES] but found [FEATURED COURSES]
	at Academy.E2EProject.Validation.homePageNavigation(Validation.java:39)
]]></failure>
    <system-out><![CDATA[[TestNGContentHandler] [WARN] It is strongly recommended to add "<!DOCTYPE suite SYSTEM "http://testng.org/testng-1.0.dtd" >" at the top of your file, otherwise TestNG may fail or not work as expected.
chrome
chrome
E:\WorkspaceForSeleniumTraining\E2EProject
]]></system-out>
    <system-err><![CDATA[Starting ChromeDriver 81.0.4044.20 (f006328e39a9769596eb506c8841c3004b24e747-refs/branch-heads/4044@{#244}) on port 29894
Only local connections are allowed.
Please protect ports used by ChromeDriver and related test frameworks to prevent access by malicious code.
Starting ChromeDriver 81.0.4044.20 (f006328e39a9769596eb506c8841c3004b24e747-refs/branch-heads/4044@{#244}) on port 40995
Only local connections are allowed.
Please protect ports used by ChromeDriver and related test frameworks to prevent access by malicious code.
May 24, 2020 6:56:46 PM org.openqa.selenium.remote.ProtocolHandshake createSession
INFO: Detected dialect: W3C
May 24, 2020 6:56:47 PM org.openqa.selenium.remote.ProtocolHandshake createSession
INFO: Detected dialect: W3C
[[1590159303262681811.17.763][SEVERE63][SEVERE]: Tim]: Tied omed ouut rt receceiveiving message ing mfrom renderer: 0.essage1 from renderer:0 0.100
0
[1590326811.873][SEVERE]: Timed out receiving message from renderer: 0.100
[1590326811.885][SEVERE]: Timed out receiving message from renderer: 0.100
[1590326811.978][SEVERE]: Timed out receiving message from renderer: 0.100
[1590326812.073][SEVERE]: Timed out receiving message from renderer: 0.100
[1590326812.085][SEVERE]: Timed out receiving message from renderer: 0.100
[1590326812.194][SEVERE]: Timed out receiving message from renderer: 0.100
[1590326812.188][SEVERE]: Timed out receiving message from renderer: 0.100
[1590326812.341][SEVERE]: Timed out receiving message from renderer: 0.100
[1590326812.357][SEVERE]: Timed out receiving message from renderer: 0.100
[1590326812.443][SEVERE]: Timed out receiving message from renderer: 0.100
[1590326812.465][SEVERE]: Timed out receiving message from renderer: 0.100
[1590326812.550][SEVERE]: Timed out receiving message from renderer: 0.100
[1590326812.570][SEVERE]: Timed out receiving message from renderer: 0.100
[1590326812.652][SEVERE]: Timed out receiving message from renderer: 0.100
[1590326812.690][SEVERE]: Timed out receiving message from renderer: 0.100
[1590326812.755][SEVERE]: Timed out receiving message from renderer: 0.100
[1590326812.800][SEVERE]: Timed out receiving message from renderer: 0.100
[1590326812.869][SEVERE]: Timed out receiving message from renderer: 0.100
[1590326812.903][SEVERE]: Timed out receiving message from renderer: 0.100
[1590326813.008][SEVERE]: Timed out receiving message from renderer: 0.100
[1590326813.025][SEVERE]: Timed out receiving message from renderer: 0.100
[1590326813.123][SEVERE]: Timed out receiving message from renderer: 0.100
[1590326813.134][SEVERE]: Timed out receiving message from renderer: 0.100
[1590326813.238][SEVERE]: Timed out receiving message from renderer: 0.100
[1590326814.748][SEVERE]: Timed out receiving message from renderer: 0.100
[1590326818.240][SEVERE]: Timed out receiving message from renderer: 0.100
[1590326821.552][SEVERE]: Timed out receiving message from renderer: 0.100
[1590326826.365][SEVERE]: Timed out receiving message from renderer: 0.100
[1590326826.996][SEVERE]: Timed out receiving message from renderer: 0.100
[1590326827.042][SEVERE]: Timed out receiving message from renderer: 0.100
[1590326827.550][SEVERE]: Timed out receiving message from renderer: 0.100
[1590326827.564][SEVERE]: Timed out receiving message from renderer: 0.100
[1590326827.883][SEVERE]: Timed out receiving message from ren[derer: 0.100
1590326827.883][SEVERE]: Timed out receiving message from renderer: 0.100
[1590326829.349][SEVERE]: Timed out receiving message from renderer: 0.100
[1590326829.350][SEVERE]: Timed out receiving message from renderer: 0.100
[1590326829.562][SEVERE]: Timed out receiving message from renderer: 0.100
[1590326829.587][SEVERE]: Timed out receiving message from renderer: 0.100
]]></system-err>
  </testcase>
  <testcase name="homePageNavigation" classname="Academy.E2EProject.HomePage" time="14.382">
    <failure message="no such element: Unable to locate element: {&quot;method&quot;:&quot;css selector&quot;,&quot;selector&quot;:&quot;*[name=&apos;user[email]&apos;]&quot;}&#10;  (Session info: headless chrome=81.0.4044.138)&#10;For documentation on this error, please visit: https://www.seleniumhq.org/exceptions/no_such_element.html&#10;Build info: version: &apos;3.141.59&apos;, revision: &apos;e82be7d358&apos;, time: &apos;2018-11-14T08:17:03&apos;&#10;System info: host: &apos;SURENDAR&apos;, ip: &apos;172.20.10.2&apos;, os.name: &apos;Windows 8.1&apos;, os.arch: &apos;amd64&apos;, os.version: &apos;6.3&apos;, java.version: &apos;11.0.6&apos;&#10;Driver info: org.openqa.selenium.chrome.ChromeDriver&#10;Capabilities {acceptInsecureCerts: false, browserName: chrome, browserVersion: 81.0.4044.138, chrome: {chromedriverVersion: 81.0.4044.20 (f006328e39a97..., userDataDir: C:\Users\SUREND~1\AppData\L...}, goog:chromeOptions: {debuggerAddress: localhost:60342}, javascriptEnabled: true, networkConnectionEnabled: false, pageLoadStrategy: normal, platform: WINDOWS, platformName: WINDOWS, proxy: Proxy(), setWindowRect: true, strictFileInteractability: false, timeouts: {implicit: 0, pageLoad: 300000, script: 30000}, unhandledPromptBehavior: dismiss and notify, webauthn:virtualAuthenticators: true}&#10;Session ID: 70e7988de15c93038f80909239f0dc0f&#10;*** Element info: {Using=name, value=user[email]}" type="org.openqa.selenium.NoSuchElementException"><![CDATA[org.openqa.selenium.NoSuchElementException: 
no such element: Unable to locate element: {"method":"css selector","selector":"*[name='user[email]']"}
  (Session info: headless chrome=81.0.4044.138)
For documentation on this error, please visit: https://www.seleniumhq.org/exceptions/no_such_element.html
Build info: version: '3.141.59', revision: 'e82be7d358', time: '2018-11-14T08:17:03'
System info: host: 'SURENDAR', ip: '172.20.10.2', os.name: 'Windows 8.1', os.arch: 'amd64', os.version: '6.3', java.version: '11.0.6'
Driver info: org.openqa.selenium.chrome.ChromeDriver
Capabilities {acceptInsecureCerts: false, browserName: chrome, browserVersion: 81.0.4044.138, chrome: {chromedriverVersion: 81.0.4044.20 (f006328e39a97..., userDataDir: C:\Users\SUREND~1\AppData\L...}, goog:chromeOptions: {debuggerAddress: localhost:60342}, javascriptEnabled: true, networkConnectionEnabled: false, pageLoadStrategy: normal, platform: WINDOWS, platformName: WINDOWS, proxy: Proxy(), setWindowRect: true, strictFileInteractability: false, timeouts: {implicit: 0, pageLoad: 300000, script: 30000}, unhandledPromptBehavior: dismiss and notify, webauthn:virtualAuthenticators: true}
Session ID: 70e7988de15c93038f80909239f0dc0f
*** Element info: {Using=name, value=user[email]}
	at Academy.E2EProject.HomePage.homePageNavigation(HomePage.java:38)
]]></failure>
    <system-err><![CDATA[[1590326832.989][SEVERE]: Timed out receiving message from renderer: 0.100
[1590326833.096][SEVERE]: Timed out receiving message from renderer: 0.100
[1590326833.497][SEVERE]: Timed out receiving message from renderer: 0.100
[1590326833.606][SEVERE]: Timed out receiving message from renderer: 0.100
[1590326833.717][SEVERE]: Timed out receiving message from renderer: 0.100
]]></system-err>
  </testcase>
  <testcase name="homePageNavigation" classname="Academy.E2EProject.HomePage" time="15.367">
    <failure message="no such element: Unable to locate element: {&quot;method&quot;:&quot;css selector&quot;,&quot;selector&quot;:&quot;*[name=&apos;user[email]&apos;]&quot;}&#10;  (Session info: headless chrome=81.0.4044.138)&#10;For documentation on this error, please visit: https://www.seleniumhq.org/exceptions/no_such_element.html&#10;Build info: version: &apos;3.141.59&apos;, revision: &apos;e82be7d358&apos;, time: &apos;2018-11-14T08:17:03&apos;&#10;System info: host: &apos;SURENDAR&apos;, ip: &apos;172.20.10.2&apos;, os.name: &apos;Windows 8.1&apos;, os.arch: &apos;amd64&apos;, os.version: &apos;6.3&apos;, java.version: &apos;11.0.6&apos;&#10;Driver info: org.openqa.selenium.chrome.ChromeDriver&#10;Capabilities {acceptInsecureCerts: false, browserName: chrome, browserVersion: 81.0.4044.138, chrome: {chromedriverVersion: 81.0.4044.20 (f006328e39a97..., userDataDir: C:\Users\SUREND~1\AppData\L...}, goog:chromeOptions: {debuggerAddress: localhost:60342}, javascriptEnabled: true, networkConnectionEnabled: false, pageLoadStrategy: normal, platform: WINDOWS, platformName: WINDOWS, proxy: Proxy(), setWindowRect: true, strictFileInteractability: false, timeouts: {implicit: 0, pageLoad: 300000, script: 30000}, unhandledPromptBehavior: dismiss and notify, webauthn:virtualAuthenticators: true}&#10;Session ID: 70e7988de15c93038f80909239f0dc0f&#10;*** Element info: {Using=name, value=user[email]}" type="org.openqa.selenium.NoSuchElementException"><![CDATA[org.openqa.selenium.NoSuchElementException: 
no such element: Unable to locate element: {"method":"css selector","selector":"*[name='user[email]']"}
  (Session info: headless chrome=81.0.4044.138)
For documentation on this error, please visit: https://www.seleniumhq.org/exceptions/no_such_element.html
Build info: version: '3.141.59', revision: 'e82be7d358', time: '2018-11-14T08:17:03'
System info: host: 'SURENDAR', ip: '172.20.10.2', os.name: 'Windows 8.1', os.arch: 'amd64', os.version: '6.3', java.version: '11.0.6'
Driver info: org.openqa.selenium.chrome.ChromeDriver
Capabilities {acceptInsecureCerts: false, browserName: chrome, browserVersion: 81.0.4044.138, chrome: {chromedriverVersion: 81.0.4044.20 (f006328e39a97..., userDataDir: C:\Users\SUREND~1\AppData\L...}, goog:chromeOptions: {debuggerAddress: localhost:60342}, javascriptEnabled: true, networkConnectionEnabled: false, pageLoadStrategy: normal, platform: WINDOWS, platformName: WINDOWS, proxy: Proxy(), setWindowRect: true, strictFileInteractability: false, timeouts: {implicit: 0, pageLoad: 300000, script: 30000}, unhandledPromptBehavior: dismiss and notify, webauthn:virtualAuthenticators: true}
Session ID: 70e7988de15c93038f80909239f0dc0f
*** Element info: {Using=name, value=user[email]}
	at Academy.E2EProject.HomePage.homePageNavigation(HomePage.java:38)
]]></failure>
    <system-err><![CDATA[[1590326847.074][SEVERE]: Timed out receiving message from renderer: 0.100
[1590326847.248][SEVERE]: Timed out receiving message from renderer: 0.100
[1590326847.389][SEVERE]: Timed out receiving message from renderer: 0.100
[1590326849.630][SEVERE]: Timed out receiving message from renderer: 0.100
]]></system-err>
  </testcase>
</testsuite>