<?xml version="1.0" encoding="UTF-8"?>
<!-- Generated by org.testng.reporters.JUnitXMLReporter -->
<testsuite ignored="0" hostname="surendar" failures="0" tests="3" name="Test" time="217.197" errors="0" timestamp="24 May 2020 07:38:22 GMT">
  <testcase classname="Academy.E2EProject.HomePage" name="homePageNavigation" time="114.765"/>
  <testcase classname="Academy.E2EProject.HomePage" name="homePageNavigation" time="37.843"/>
  <testcase classname="Academy.E2EProject.Validation" name="homePageNavigation" time="1.775"/>
</testsuite> <!-- Test -->
